amd64 JIT by Samuel Michael Squire
	https://github.com/samsquire/compiler

pagesize: 4096

Parsing code
function talker(int a, int b) {
  return a + b;
}
printf("value: %d\n", 1 + talker(6, 7));
printf("value2: %d\n", talker(8, 9));
9 + 11;
FIRST INTO 0x558acc11a8a0
HASH TABLE 200
case 6953778704349: /* member */ 
break;
case 7572387384277067: /* function */ 
break;
case 5863476: /* if */ 
break;
case 6953974653989: /* return */ 
break;
case 6385555319: /* open */ 
break;
case 210708961883: /* close */ 
break;
case 210709067314: /* comma */ 
break;
case 193486030: /* add */ 
break;
case 7572940974490733: /* subtract */ 
break;
case 7572685654880005: /* multiply */ 
break;
case 193504464: /* rax */ 
break;
case 193504497: /* rbx */ 
break;
case 193504530: /* rcx */ 
break;
case 193504563: /* rdx */ 
break;
case 193505043: /* rsi */ 
break;
case 193504548: /* rdi */ 
break;
case 193505050: /* rsp */ 
break;
case 5863727: /* r8 */ 
break;
case 5863728: /* r9 */ 
break;
case 193502808: /* r10 */ 
break;
case 193502809: /* r11 */ 
break;
case 193502810: /* r12 */ 
break;
case 193502811: /* r13 */ 
break;
case 193502812: /* r14 */ 
break;
case 193502813: /* r15 */ 
break;

Getting token
parsebegin Skipping whitespace

-1 rc is
functionfunctionbodybegin Skipping whitespace

-1 rc is
Is a function talker
open
-1 rc is
funcparamname Skipping whitespace

-1 rc is
type is int name is a
there are 0 parameters
loopparameterlist Skipping whitespace

-1 rc is
funcparamname Skipping whitespace

-1 rc is
type is int name is b
there are 1 parameters
commacheck CLOSE TAG
loopparameterlist CLOSE TAG
functioncurlyopencheck Skipping whitespace
function parse INTO 0x558acc11ba50functionbodyitem Skipping whitespace
functionbodyitem Skipping whitespace
functionbodyitem Skipping whitespace

-1 rc is
Hash for token return is 6953974653989
functionparse Return statement
0x558acc11ba50
functionbodyitem Skipping whitespace

-1 rc is
Hash for token a is 177670
functionparse parseexpression Is an identifier a
identifier expression 0x558acc11ce20
statements 0x558acc11c240
expression location 0 0x558acc11ca90
 identifier a 0
functionbodyitem Skipping whitespace
Hash for token add is 193486030
functionbodyitem Skipping whitespace

-1 rc is
Hash for token b is 177671
functionparse parseexpression Is an identifier b
identifier expression 0x558acc11e310
statements 0x558acc11db20
expression location 1 0x558acc11df80
 identifier a 0
 identifier b 0
functionbodyitem CLOSE expression
Hash for token endstatement is -3372849529167478127
functionparse End of statement
functionbodyitem Skipping whitespace
Getting token
parsebegin Skipping whitespace

-1 rc is
printffunctionparse Funcbody Is an identifier printf
functionparse New position is 0
identifier INTO 0x558acc11a8a0
Hash for token open is 6385555319
open bracket
OWNER 0
 identifier printf 0
expression location 1 0x558acc11ebc0
 method call method 0
  identifier printf 0
Parsing subexpression


inside a quote


-1 rc is
Hash for token value: %d\n is -4548700709794970353
exprparse parseexpression Is an identifier value: %d\n
identifier expression 0x558acc11fe10
statements 0x558acc11f630
expression location 1 0x558acc11fa80
 identifier printf 0
 identifier value: %d\n 0
Hash for token comma is 210709067314
exprparse Comma encountered, creating new statement
functionbodyitem Skipping whitespace

-1 rc is
Hash for token 1 is 177622
exprparse parseexpression Is an identifier 1
identifier expression 0x558acc120680
statements 0x558acc1201a0
expression location 0 0x558acc120620
 identifier 1 1
functionbodyitem Skipping whitespace
Hash for token add is 193486030
functionbodyitem Skipping whitespace

-1 rc is
Hash for token talker is 6954047882280
exprparse parseexpression Is an identifier talker
identifier expression 0x558acc129200
statements 0x558acc1206e0
expression location 1 0x558acc128e70
 identifier 1 1
 identifier talker 0
Hash for token open is 6385555319
open bracket
OWNER 1
 identifier 1 1
 identifier talker 0
expression location 1 0x558acc128e70
 identifier 1 1
 method call method 0
  identifier talker 0
Parsing subexpression

-1 rc is
Hash for token 6 is 177627
exprparse parseexpression Is an identifier 6
identifier expression 0x558acc12a460
statements 0x558acc129f40
expression location 1 0x558acc12a0d0
 identifier talker 0
 identifier 6 6
Hash for token comma is 210709067314
exprparse Comma encountered, creating new statement
functionbodyitem Skipping whitespace

-1 rc is
Hash for token 7 is 177628
exprparse parseexpression Is an identifier 7
identifier expression 0x558acc12b000
statements 0x558acc12a7f0
expression location 0 0x558acc12ac70
 identifier 7 7
functionbodyitem CLOSE TAG
functionbodyitem CLOSE TAG
functionbodyitem CLOSE expression
Hash for token endstatement is -3372849529167478127
identifier End of statement
functionbodyitem Skipping whitespace

-1 rc is
Hash for token printf is 6953911397304
identifier parseexpression Is an identifier printf
identifier expression 0x558acc12bc40
statements 0x558acc12b390
expression location 0 0x558acc12b8b0
 identifier printf 0
Hash for token open is 6385555319
open bracket
OWNER 0
 identifier printf 0
expression location 1 0x558acc12b8b0
 method call method 0
  identifier printf 0
Parsing subexpression


inside a quote


-1 rc is
Hash for token value2: %d\n is -2533170842880017663
exprparse parseexpression Is an identifier value2: %d\n
identifier expression 0x558acc12d180
statements 0x558acc12c980
expression location 1 0x558acc12cdf0
 identifier printf 0
 identifier value2: %d\n 0
Hash for token comma is 210709067314
exprparse Comma encountered, creating new statement
functionbodyitem Skipping whitespace

-1 rc is
Hash for token talker is 6954047882280
exprparse parseexpression Is an identifier talker
identifier expression 0x558acc12ddc0
statements 0x558acc12d510
expression location 0 0x558acc12da30
 identifier talker 0
Hash for token open is 6385555319
open bracket
OWNER 0
 identifier talker 0
expression location 1 0x558acc12da30
 method call method 0
  identifier talker 0
Parsing subexpression

-1 rc is
Hash for token 8 is 177629
exprparse parseexpression Is an identifier 8
identifier expression 0x558acc133fe0
statements 0x558acc12de40
expression location 1 0x558acc133c50
 identifier talker 0
 identifier 8 8
Hash for token comma is 210709067314
exprparse Comma encountered, creating new statement
functionbodyitem Skipping whitespace

-1 rc is
Hash for token 9 is 177630
exprparse parseexpression Is an identifier 9
identifier expression 0x558acc134b80
statements 0x558acc134370
expression location 0 0x558acc1347f0
 identifier 9 9
functionbodyitem CLOSE TAG
functionbodyitem CLOSE TAG
functionbodyitem CLOSE expression
Hash for token endstatement is -3372849529167478127
identifier End of statement
functionbodyitem Skipping whitespace

-1 rc is
Hash for token 9 is 177630
identifier parseexpression Is an identifier 9
identifier expression 0x558acc135720
statements 0x558acc134f10
expression location 0 0x558acc135390
 identifier 9 9
functionbodyitem Skipping whitespace
Hash for token add is 193486030
functionbodyitem Skipping whitespace

-1 rc is
Hash for token 11 is 5861575
identifier parseexpression Is an identifier 11
identifier expression 0x558acc136c30
statements 0x558acc136420
expression location 1 0x558acc1368a0
 identifier 9 9
 identifier 11 11
end early
functionbodyitem CLOSE expression
#### Code:
function talker(int a, int b) {
  return a + b;
}
printf("value: %d\n", 1 + talker(6, 7));
printf("value2: %d\n", talker(8, 9));
9 + 11;
Dumping AST
 method call method 0
  identifier printf 0
  identifier value: %d\n 0
  add (null) 0
   identifier 1 1
   method call method 0
    identifier talker 0
    identifier 6 6
    identifier 7 7
 method call method 0
  identifier printf 0
  identifier value2: %d\n 0
  method call method 0
   identifier talker 0
   identifier 8 8
   identifier 9 9
 add (null) 0
  identifier 9 9
  identifier 11 11
##########Function talker
- parameter name a
- parameter type int
- parameter name b
- parameter type int
Has 2 statements
 return (null) 0
  add (null) 0
   identifier a 0
   identifier b 0
Dumping ANF
ANF for function talker
identifier b 0
identif